<?xml version="1.0" encoding="UTF-8"?>
<!-- Generated by org.testng.reporters.JUnitReportReporter -->
<testsuite hostname="THBSLAPTOP-452" name="com.qa.application.test_scripts.MISLoginPageTest" tests="1" failures="0" timestamp="30 Dec 2019 10:07:27 GMT" time="19.447" errors="0">
  <testcase name="checkLogin" time="19.447" classname="com.qa.application.test_scripts.MISLoginPageTest"/>
</testsuite> <!-- com.qa.application.test_scripts.MISLoginPageTest -->
