<?xml version="1.0" encoding="UTF-8"?>
<!-- Generated by org.testng.reporters.JUnitReportReporter -->
<testsuite hostname="THBSLAPTOP-452" name="com.qa.application.test_scripts.GoogleSearchTest" tests="1" failures="0" timestamp="31 Dec 2019 02:04:40 GMT" time="11.180" errors="0">
  <testcase name="testGoogleSearch" time="11.180" classname="com.qa.application.test_scripts.GoogleSearchTest"/>
</testsuite> <!-- com.qa.application.test_scripts.GoogleSearchTest -->
