<?xml version="1.0" encoding="UTF-8"?>
<!-- Generated by org.testng.reporters.JUnitReportReporter -->
<testsuite hostname="THBSLAPTOP-452" name="com.qa.application.tests_cripts.MISLoginPageTest" tests="1" failures="0" timestamp="29 Dec 2019 05:54:45 GMT" time="17.308" errors="0">
  <testcase name="checkLogin" time="17.308" classname="com.qa.application.tests_cripts.MISLoginPageTest"/>
</testsuite> <!-- com.qa.application.tests_cripts.MISLoginPageTest -->
